::1 - - [15/Mar/2024:14:51:57 +0000] "GET /errorTesting HTTP/1.1" 404 151 "-" "PostmanRuntime/7.36.3"::1 - - [01/Apr/2024:06:14:03 +0000] "POST /api/items HTTP/1.1" 404 149 "-" "PostmanRuntime/7.36.3"
::1 - - [04/Apr/2024:12:27:36 +0000] "GET /api/users/items HTTP/1.1" 404 154 "-" "PostmanRuntime/7.37.0"
::1 - - [04/Apr/2024:12:29:02 +0000] "GET /api/items/ HTTP/1.1" 404 149 "-" "PostmanRuntime/7.37.0"
::1 - - [04/Apr/2024:12:30:03 +0000] "POST /api/item HTTP/1.1" 404 148 "-" "PostmanRuntime/7.37.0"
::1 - - [04/Apr/2024:12:34:22 +0000] "POST /api/item HTTP/1.1" 404 148 "-" "PostmanRuntime/7.37.0"
::1 - - [04/Apr/2024:12:35:43 +0000] "POST /api/item HTTP/1.1" 404 148 "-" "PostmanRuntime/7.37.0"
::1 - - [04/Apr/2024:12:37:11 +0000] "POST /api/orders HTTP/1.1" 404 150 "-" "PostmanRuntime/7.37.0"
::1 - - [04/Apr/2024:12:46:07 +0000] "PUT /api/orders/1 HTTP/1.1" 404 151 "-" "PostmanRuntime/7.37.0"
::1 - - [04/Apr/2024:12:47:11 +0000] "PUT /api/orders/1 HTTP/1.1" 404 151 "-" "PostmanRuntime/7.37.0"
::1 - - [04/Apr/2024:12:48:19 +0000] "PUT /api/orders/1 HTTP/1.1" 404 151 "-" "PostmanRuntime/7.37.0"
::1 - - [04/Apr/2024:12:48:30 +0000] "PUT /api/orders/ HTTP/1.1" 404 150 "-" "PostmanRuntime/7.37.0"
::1 - - [04/Apr/2024:12:48:53 +0000] "PUT /api/orders/1 HTTP/1.1" 404 151 "-" "PostmanRuntime/7.37.0"
::1 - - [04/Apr/2024:12:51:09 +0000] "PUT /api/orders/1 HTTP/1.1" 404 151 "-" "PostmanRuntime/7.37.0"
::1 - - [25/Apr/2024:05:38:38 +0000] "GET /api/items/1 HTTP/1.1" 404 150 "-" "PostmanRuntime/7.37.3"
::1 - - [25/Apr/2024:05:38:45 +0000] "PUT /api/items/1 HTTP/1.1" 404 150 "-" "PostmanRuntime/7.37.3"
::1 - - [25/Apr/2024:05:40:44 +0000] "PUT /api/items/1 HTTP/1.1" 404 150 "-" "PostmanRuntime/7.37.3"
::1 - - [25/Apr/2024:05:41:17 +0000] "PUT /api/items/1 HTTP/1.1" 404 150 "-" "PostmanRuntime/7.37.3"
::1 - - [25/Apr/2024:06:07:02 +0000] "GET /api/itemss HTTP/1.1" 404 149 "-" "PostmanRuntime/7.37.3"
::1 - - [01/May/2024:06:16:00 +0000] "GET /register HTTP/1.1" 404 147 "-" "PostmanRuntime/7.37.3"
::1 - - [01/May/2024:06:16:06 +0000] "POST /register HTTP/1.1" 404 148 "-" "PostmanRuntime/7.37.3"
::1 - - [01/May/2024:07:36:38 +0000] "POST /register HTTP/1.1" 404 148 "-" "PostmanRuntime/7.37.3"
::1 - - [01/May/2024:07:37:13 +0000] "POST /register HTTP/1.1" 404 148 "-" "PostmanRuntime/7.37.3"
::1 - - [01/May/2024:07:41:15 +0000] "POST /register HTTP/1.1" 404 148 "-" "PostmanRuntime/7.37.3"
::1 - - [01/May/2024:09:35:02 +0000] "POST /register HTTP/1.1" 404 148 "-" "PostmanRuntime/7.37.3"
::1 - - [01/May/2024:09:51:00 +0000] "POST /register HTTP/1.1" 404 148 "-" "PostmanRuntime/7.37.3"
::1 - - [01/May/2024:09:51:07 +0000] "POST /register HTTP/1.1" 404 148 "-" "PostmanRuntime/7.37.3"
::1 - - [01/May/2024:09:59:40 +0000] "GET /register HTTP/1.1" 404 147 "-" "PostmanRuntime/7.37.3"
::1 - - [01/May/2024:10:02:23 +0000] "POST /register HTTP/1.1" 404 148 "-" "PostmanRuntime/7.37.3"
::1 - - [01/May/2024:10:04:15 +0000] "POST /api/register HTTP/1.1" 404 152 "-" "PostmanRuntime/7.37.3"
::1 - - [01/May/2024:10:04:48 +0000] "POST /login HTTP/1.1" 404 145 "-" "PostmanRuntime/7.37.3"
::1 - - [01/May/2024:10:11:54 +0000] "POST /login HTTP/1.1" 404 145 "-" "PostmanRuntime/7.37.3"
::1 - - [01/May/2024:10:12:03 +0000] "POST /register HTTP/1.1" 404 148 "-" "PostmanRuntime/7.37.3"
::1 - - [01/May/2024:10:12:41 +0000] "POST /register HTTP/1.1" 404 148 "-" "PostmanRuntime/7.37.3"
::1 - - [01/May/2024:10:12:43 +0000] "POST /register HTTP/1.1" 404 148 "-" "PostmanRuntime/7.37.3"
::1 - - [01/May/2024:10:12:44 +0000] "POST /register HTTP/1.1" 404 148 "-" "PostmanRuntime/7.37.3"
::1 - - [01/May/2024:10:15:18 +0000] "POST /register HTTP/1.1" 404 148 "-" "PostmanRuntime/7.37.3"
::1 - - [01/May/2024:10:41:00 +0000] "POST /api/users/register HTTP/1.1" 404 158 "-" "PostmanRuntime/7.37.3"
::1 - - [01/May/2024:10:53:46 +0000] "POST /register HTTP/1.1" 404 148 "-" "PostmanRuntime/7.37.3"
::1 - - [01/May/2024:10:55:38 +0000] "POST /register HTTP/1.1" 404 148 "-" "PostmanRuntime/7.37.3"
::1 - - [01/May/2024:11:54:45 +0000] "POST /aregister HTTP/1.1" 404 149 "-" "PostmanRuntime/7.37.3"
::1 - - [01/May/2024:11:54:52 +0000] "POST /register HTTP/1.1" 404 148 "-" "PostmanRuntime/7.37.3"
::1 - - [01/May/2024:11:55:06 +0000] "POST /register HTTP/1.1" 404 148 "-" "PostmanRuntime/7.37.3"
::1 - - [01/May/2024:11:56:33 +0000] "POST /api/register HTTP/1.1" 404 152 "-" "PostmanRuntime/7.37.3"
::1 - - [01/May/2024:11:58:51 +0000] "POST /api/register HTTP/1.1" 404 152 "-" "PostmanRuntime/7.37.3"
::1 - - [01/May/2024:12:00:15 +0000] "POST /api/register HTTP/1.1" 404 152 "-" "PostmanRuntime/7.37.3"
::1 - - [01/May/2024:12:00:21 +0000] "POST /register HTTP/1.1" 404 148 "-" "PostmanRuntime/7.37.3"
::1 - - [01/May/2024:12:51:01 +0000] "POST /register HTTP/1.1" 404 148 "-" "PostmanRuntime/7.37.3"
::1 - - [01/May/2024:12:51:48 +0000] "POST /api/v1.0/register HTTP/1.1" 404 157 "-" "PostmanRuntime/7.37.3"
::1 - - [01/May/2024:12:52:02 +0000] "POST /register HTTP/1.1" 404 148 "-" "PostmanRuntime/7.37.3"
::1 - - [01/May/2024:12:53:15 +0000] "POST /register HTTP/1.1" 404 148 "-" "PostmanRuntime/7.37.3"
::1 - - [01/May/2024:13:38:17 +0000] "GET /whoami HTTP/1.1" 404 145 "-" "PostmanRuntime/7.37.3"
::1 - - [02/May/2024:07:52:36 +0000] "GET /api/users/my-profile HTTP/1.1" 404 159 "-" "PostmanRuntime/7.37.3"
::1 - - [02/May/2024:09:29:47 +0000] "GET /api/users/login HTTP/1.1" 404 154 "-" "PostmanRuntime/7.37.3"
